<?xml version="1.0" encoding="UTF-8"?>
<!-- Generated by org.testng.reporters.JUnitReportReporter -->
<testsuite hostname="DESKTOP-8M6A2AK" failures="0" tests="1" name="testCases.TC001_AccountRegistrationTest" time="2.047" errors="0" timestamp="2024-09-10T15:42:18 IST" skipped="0">
  <testcase classname="testCases.TC001_AccountRegistrationTest" name="verify_Account_Registration" time="2.047"/>
</testsuite> <!-- testCases.TC001_AccountRegistrationTest -->
